1431330334.636231 34 44 20 ? ? ?
1431330334.636304 66 52 20 T 32 0
1431330334.636359 66 1500 20 T 32 1448
1431330334.636481 66 1500 20 T 32 1448
1431330334.636525 66 52 20 T 32 0
1431330334.636605 78 64 20 T 44 0
1431330334.636616 66 1500 20 T 32 1448
1431330334.636627 66 52 20 T 32 0
1431330334.636744 66 1500 20 T 32 1448
1431330334.636787 66 52 20 T 32 0
1431330334.636867 66 1500 20 T 32 1448
1431330334.636990 66 1500 20 T 32 1448
1431330334.637029 66 52 20 T 32 0
1431330334.637112 66 1500 20 T 32 1448
1431330334.637239 66 1500 20 T 32 1448
1431330334.637253 66 52 20 T 32 0
1431330334.637311 66 52 20 T 32 0
1431330334.637360 66 1500 20 T 32 1448
1431330334.637482 66 1500 20 T 32 1448
1431330334.637501 66 52 20 T 32 0
1431330334.637570 54 40 20 T 20 0
1431330334.637606 66 1500 20 T 32 1448
1431330334.637722 66 52 20 T 32 0
1431330334.637734 66 1500 20 T 32 1448
1431330334.637852 66 1500 20 T 32 1448
1431330334.637975 66 1500 20 T 32 1448
1431330334.638077 66 52 20 T 32 0
1431330334.638098 66 1500 20 T 32 1448
1431330334.638224 66 1500 20 T 32 1448
1431330334.638258 66 52 20 T 32 0
1431330334.638345 66 1500 20 T 32 1448
1431330334.638467 66 1500 20 T 32 1448
1431330334.638515 66 52 20 T 32 0
1431330334.638543 34 96 20 ? ? ?
1431330334.638618 66 1500 20 T 32 1448
1431330334.638714 66 1500 20 T 32 1448
1431330334.638838 66 1500 20 T 32 1448
1431330334.638856 66 52 20 T 32 0
1431330334.638865 66 1500 20 T 32 1448
1431330334.638961 66 1500 20 T 32 1448
1431330334.639041 66 52 20 T 32 0
1431330334.639082 66 1500 20 T 32 1448
1431330334.639209 66 1500 20 T 32 1448
1431330334.639269 66 52 20 T 32 0
1431330334.639329 66 1500 20 T 32 1448
1431330334.639451 66 1500 20 T 32 1448
1431330334.639575 66 1500 20 T 32 1448
1431330334.639600 66 52 20 T 32 0
1431330334.639699 66 1500 20 T 32 1448
1431330334.639806 66 52 20 T 32 0
1431330334.639821 66 1500 20 T 32 1448
1431330334.639944 66 1500 20 T 32 1448
1431330334.640016 66 52 20 T 32 0
1431330334.640067 66 1500 20 T 32 1448
1431330334.640191 66 1500 20 T 32 1448
1431330334.640306 66 52 20 T 32 0
1431330334.640318 66 1500 20 T 32 1448
1431330334.640436 66 1500 20 T 32 1448
1431330334.640532 66 52 20 T 32 0
1431330334.640560 66 1500 20 T 32 1448
1431330334.640683 66 1500 20 T 32 1448
1431330334.640780 66 52 20 T 32 0
1431330334.640806 66 1500 20 T 32 1448
1431330334.640929 66 1500 20 T 32 1448
1431330334.640956 66 52 20 T 32 0
1431330334.641052 66 1500 20 T 32 1448
1431330334.641175 66 1500 20 T 32 1448
1431330334.641220 66 52 20 T 32 0
1431330334.641299 66 1500 20 T 32 1448
1431330334.641386 66 58 20 T 32 6
1431330334.641422 66 1500 20 T 32 1448
1431330334.641462 66 52 20 T 32 0
1431330334.641544 66 1500 20 T 32 1448
1431330334.641668 66 1500 20 T 32 1448
1431330334.641792 66 1500 20 T 32 1448
1431330334.641805 66 52 20 T 32 0
1431330334.641914 66 1500 20 T 32 1448
1431330334.641941 66 52 20 T 32 0
1431330334.642036 66 1500 20 T 32 1448
1431330334.642161 66 1500 20 T 32 1448
1431330334.642223 66 52 20 T 32 0
1431330334.642284 66 1500 20 T 32 1448
1431330334.642406 66 1500 20 T 32 1448
1431330334.642475 66 52 20 T 32 0
1431330334.642530 66 1500 20 T 32 1448
1431330334.642653 66 1500 20 T 32 1448
1431330334.642719 66 52 20 T 32 0
1431330334.642776 66 1500 20 T 32 1448
1431330334.642897 66 1500 20 T 32 1448
1431330334.642952 66 52 20 T 32 0
1431330334.643022 66 1500 20 T 32 1448
1431330334.643145 66 1500 20 T 32 1448
1431330334.643204 66 52 20 T 32 0
1431330334.643268 66 1500 20 T 32 1448
1431330334.643390 66 1500 20 T 32 1448
1431330334.643496 66 52 20 T 32 0
1431330334.643513 66 1500 20 T 32 1448
1431330334.643637 66 1500 20 T 32 1448
1431330334.643724 66 52 20 T 32 0
1431330334.643760 66 1500 20 T 32 1448
1431330334.643882 66 1500 20 T 32 1448
1431330334.643945 66 52 20 T 32 0
1431330334.643961 66 52 20 T 32 0
1431330334.644006 66 1500 20 T 32 1448
1431330334.644130 66 1500 20 T 32 1448
1431330334.644191 66 52 20 T 32 0
1431330334.644254 66 1500 20 T 32 1448
1431330334.644375 66 1500 20 T 32 1448
1431330334.644433 66 52 20 T 32 0
1431330334.644499 66 1500 20 T 32 1448
1431330334.644622 66 1500 20 T 32 1448
1431330334.644745 66 1500 20 T 32 1448
1431330334.644759 66 52 20 T 32 0
1431330334.644868 66 1500 20 T 32 1448
1431330334.644916 66 52 20 T 32 0
1431330334.644992 66 1500 20 T 32 1448
1431330334.645114 66 1500 20 T 32 1448
1431330334.645237 66 1500 20 T 32 1448
1431330334.645273 66 52 20 T 32 0
1431330334.645359 66 1500 20 T 32 1448
1431330334.645462 66 52 20 T 32 0
1431330334.645483 66 1500 20 T 32 1448
1431330334.645608 66 1500 20 T 32 1448
1431330334.645708 66 52 20 T 32 0
1431330334.645728 66 1500 20 T 32 1448
1431330334.645851 66 1500 20 T 32 1448
1431330334.645929 66 52 20 T 32 0
1431330334.645977 66 1500 20 T 32 1448
1431330334.646099 66 1500 20 T 32 1448
1431330334.646224 66 1500 20 T 32 1448
1431330334.646237 66 52 20 T 32 0
1431330334.646344 66 1500 20 T 32 1448
1431330334.646439 66 52 20 T 32 0
1431330334.646470 66 1500 20 T 32 1448
1431330334.646482 34 44 20 ? ? ?
1431330334.646607 66 1500 20 T 32 1448
1431330334.646688 66 52 20 T 32 0
1431330334.646732 66 1500 20 T 32 1448
1431330334.646854 66 1500 20 T 32 1448
1431330334.646942 66 52 20 T 32 0
1431330334.646978 66 1500 20 T 32 1448
1431330334.647100 66 1500 20 T 32 1448
1431330334.647163 66 52 20 T 32 0
1431330334.647224 66 1500 20 T 32 1448
1431330334.647347 66 1500 20 T 32 1448
1431330334.647425 66 52 20 T 32 0
1431330334.647470 66 1500 20 T 32 1448
1431330334.647592 66 1500 20 T 32 1448
1431330334.647716 66 1500 20 T 32 1448
1431330334.647753 66 52 20 T 32 0
1431330334.647764 66 1500 20 T 32 1448
1431330334.647839 66 1500 20 T 32 1448
1431330334.647903 66 52 20 T 32 0
1431330334.647962 66 1500 20 T 32 1448
1431330334.648086 66 1500 20 T 32 1448
1431330334.648182 66 52 20 T 32 0
1431330334.648213 66 1500 20 T 32 1448
1431330334.648331 66 1500 20 T 32 1448
1431330334.648455 66 1500 20 T 32 1448
1431330334.648469 66 52 20 T 32 0
1431330334.648477 66 52 20 T 32 0
1431330334.648595 66 1500 20 T 32 1448
1431330334.648610 42 143 20 U 8 115
1431330334.648675 66 52 20 T 32 0
1431330334.648719 66 1500 20 T 32 1448
1431330334.648843 66 1500 20 T 32 1448
1431330334.648966 66 1500 20 T 32 1448
1431330334.648978 66 52 20 T 32 0
1431330334.649088 66 1500 20 T 32 1448
1431330334.649160 66 52 20 T 32 0
1431330334.649215 66 1500 20 T 32 1448
1431330334.649334 66 1500 20 T 32 1448
1431330334.649382 66 52 20 T 32 0
1431330334.649457 66 1500 20 T 32 1448
1431330334.649580 66 1500 20 T 32 1448
1431330334.649636 66 52 20 T 32 0
1431330334.649705 66 1500 20 T 32 1448
1431330334.649828 66 1500 20 T 32 1448
1431330334.649883 66 52 20 T 32 0
1431330334.649950 66 1500 20 T 32 1448
1431330334.650073 66 1500 20 T 32 1448
1431330334.650171 66 52 20 T 32 0
1431330334.650196 66 1500 20 T 32 1448
1431330334.650318 66 1500 20 T 32 1448
1431330334.650442 66 1500 20 T 32 1448
1431330334.650455 34 76 20 ? ? ?
1431330334.650503 66 52 20 T 32 0
1431330334.650515 66 52 20 T 32 0
1431330334.650582 66 1500 20 T 32 1448
1431330334.650705 66 1500 20 T 32 1448
1431330334.650731 66 52 20 T 32 0
1431330334.650828 66 1500 20 T 32 1448
1431330334.650892 66 52 20 T 32 0
1431330334.650952 66 1500 20 T 32 1448
1431330334.651074 66 1500 20 T 32 1448
1431330334.651132 66 52 20 T 32 0
1431330334.651201 66 1500 20 T 32 1448
1431330334.651213 66 52 20 T 32 0
1431330334.651321 66 1500 20 T 32 1448
1431330334.651402 66 52 20 T 32 0
1431330334.651444 66 1500 20 T 32 1448
1431330334.651567 66 1500 20 T 32 1448
1431330334.651620 66 52 20 T 32 0
1431330334.651689 66 1500 20 T 32 1448
1431330334.651813 66 1500 20 T 32 1448
1431330334.651873 66 52 20 T 32 0
1431330334.651937 66 1500 20 T 32 1448
1431330334.652059 66 1500 20 T 32 1448
1431330334.652105 66 52 20 T 32 0
1431330334.652182 66 1500 20 T 32 1448
1431330334.652306 66 1500 20 T 32 1448
1431330334.652361 66 52 20 T 32 0
1431330334.652428 66 1500 20 T 32 1448
1431330334.652551 66 1500 20 T 32 1448
1431330334.652589 66 52 20 T 32 0
1431330334.652673 66 1500 20 T 32 1448
1431330334.653052 66 52 20 T 32 0
1431330334.653067 66 4396 20 T 32 4344
1431330334.653167 66 1500 20 T 32 1448
1431330334.653181 66 52 20 T 32 0
1431330334.653291 66 1500 20 T 32 1448
1431330334.653392 66 52 20 T 32 0
1431330334.653412 66 1500 20 T 32 1448
1431330334.653536 66 1500 20 T 32 1448
1431330334.653603 66 52 20 T 32 0
1431330334.653660 66 1500 20 T 32 1448
1431330334.653782 66 1500 20 T 32 1448
1431330334.653897 66 52 20 T 32 0
1431330334.653909 66 1500 20 T 32 1448
1431330334.653951 34 96 20 ? ? ?
1431330334.654030 66 1500 20 T 32 1448
1431330334.654140 66 52 20 T 32 0
1431330334.654153 66 1500 20 T 32 1448
1431330334.654275 66 1500 20 T 32 1448
1431330334.654400 66 52 20 T 32 0
1431330334.654411 66 1500 20 T 32 1448
1431330334.654421 66 52 20 T 32 0
1431330334.654539 66 1500 20 T 32 1448
1431330334.654621 66 52 20 T 32 0
1431330334.654662 66 1500 20 T 32 1448
1431330334.654788 66 1500 20 T 32 1448
1431330334.654910 66 52 20 T 32 0
1431330334.654921 66 1500 20 T 32 1448
1431330334.655031 66 1500 20 T 32 1448
1431330334.655156 66 1500 20 T 32 1448
1431330334.655168 66 52 20 T 32 0
1431330334.655281 66 1500 20 T 32 1448
1431330334.655394 66 52 20 T 32 0
1431330334.655406 66 1500 20 T 32 1448
1431330334.655523 66 1500 20 T 32 1448
1431330334.655648 66 1500 20 T 32 1448
1431330334.655661 66 52 20 T 32 0
1431330334.655772 66 1500 20 T 32 1448
1431330334.655855 66 52 20 T 32 0
1431330334.655893 66 1500 20 T 32 1448
1431330334.656015 66 1500 20 T 32 1448
1431330334.656066 66 1500 20 T 32 1448
1431330334.656082 66 52 20 T 32 0
1431330334.656140 66 1500 20 T 32 1448
1431330334.656263 66 1500 20 T 32 1448
1431330334.656370 66 52 20 T 32 0
1431330334.656384 66 1500 20 T 32 1448
1431330334.656396 34 44 20 ? ? ?
1431330334.656533 66 1500 20 T 32 1448
1431330334.656639 66 52 20 T 32 0
1431330334.656654 66 1500 20 T 32 1448
1431330334.656778 66 1500 20 T 32 1448
1431330334.656866 66 52 20 T 32 0
1431330334.656901 66 1500 20 T 32 1448
1431330334.657025 66 1500 20 T 32 1448
1431330334.657115 66 52 20 T 32 0
1431330334.657149 66 1500 20 T 32 1448
1431330334.657215 66 52 20 T 32 0
1431330334.657271 66 1500 20 T 32 1448
1431330334.657332 66 52 20 T 32 0
1431330334.657394 66 1500 20 T 32 1448
1431330334.657517 66 1500 20 T 32 1448
1431330334.657578 66 52 20 T 32 0
1431330334.657640 66 1500 20 T 32 1448
1431330334.657762 66 1500 20 T 32 1448
1431330334.657821 66 52 20 T 32 0
1431330334.657887 66 1500 20 T 32 1448
1431330334.658010 66 1500 20 T 32 1448
1431330334.658071 66 52 20 T 32 0
1431330334.658133 66 1500 20 T 32 1448
1431330334.658255 66 1500 20 T 32 1448
1431330334.658323 66 52 20 T 32 0
1431330334.658378 66 1500 20 T 32 1448
1431330334.658502 66 1500 20 T 32 1448
1431330334.658550 66 52 20 T 32 0
1431330334.658625 66 1500 20 T 32 1448
1431330334.658748 66 1500 20 T 32 1448
1431330334.658815 66 52 20 T 32 0
1431330334.658871 66 1500 20 T 32 1448
1431330334.658995 66 1500 20 T 32 1448
1431330334.659073 66 52 20 T 32 0
1431330334.659117 66 1500 20 T 32 1448
1431330334.659240 66 1500 20 T 32 1448
1431330334.659359 66 52 20 T 32 0
1431330334.659370 66 1500 20 T 32 1448
1431330334.659485 66 1500 20 T 32 1448
1431330334.659596 66 52 20 T 32 0
1431330334.659609 66 1500 20 T 32 1448
1431330334.659731 66 1500 20 T 32 1448
1431330334.659856 66 1500 20 T 32 1448
1431330334.659870 66 52 20 T 32 0
1431330334.659979 66 1500 20 T 32 1448
1431330334.660078 66 52 20 T 32 0
1431330334.660102 66 1500 20 T 32 1448
1431330334.660224 66 1500 20 T 32 1448
1431330334.660316 66 52 20 T 32 0
1431330334.660348 66 1500 20 T 32 1448
1431330334.660471 66 1500 20 T 32 1448
1431330334.660508 34 56 20 ? ? ?
1431330334.660595 66 1500 20 T 32 1448
1431330334.660639 66 52 20 T 32 0
1431330334.660716 66 1500 20 T 32 1448
1431330334.660784 66 52 20 T 32 0
1431330334.660840 66 1500 20 T 32 1448
1431330334.660964 66 1500 20 T 32 1448
1431330334.661027 66 52 20 T 32 0
1431330334.661087 66 1500 20 T 32 1448
1431330334.661211 66 1500 20 T 32 1448
1431330334.661287 66 52 20 T 32 0
1431330334.661333 66 1500 20 T 32 1448
1431330334.661349 42 70 20 U 8 42
1431330334.661474 66 1500 20 T 32 1448
1431330334.661598 66 1500 20 T 32 1448
1431330334.661627 66 52 20 T 32 0
1431330334.661720 66 1500 20 T 32 1448
1431330334.661766 66 52 20 T 32 0
1431330334.661842 66 1500 20 T 32 1448
1431330334.661966 66 1500 20 T 32 1448
1431330334.662022 66 52 20 T 32 0
1431330334.662091 66 1500 20 T 32 1448
1431330334.662215 66 1500 20 T 32 1448
1431330334.662274 66 52 20 T 32 0
1431330334.662335 66 1500 20 T 32 1448
1431330334.662418 34 56 20 ? ? ?
1431330334.662459 66 1500 20 T 32 1448
1431330334.662566 66 52 20 T 32 0
1431330334.662581 66 1500 20 T 32 1448
1431330334.662704 66 1500 20 T 32 1448
1431330334.662827 66 1500 20 T 32 1448
1431330334.662856 66 52 20 T 32 0
1431330334.662952 66 1500 20 T 32 1448
1431330334.663054 66 52 20 T 32 0
1431330334.663073 66 1500 20 T 32 1448
1431330334.663197 66 1500 20 T 32 1448
1431330334.663294 66 52 20 T 32 0
1431330334.663320 66 1500 20 T 32 1448
1431330334.663443 66 1500 20 T 32 1448
1431330334.663567 66 1500 20 T 32 1448
1431330334.663619 66 52 20 T 32 0
1431330334.663689 66 1500 20 T 32 1448
1431330334.663809 66 52 20 T 32 0
1431330334.663820 66 1500 20 T 32 1448
1431330334.663936 66 1500 20 T 32 1448
1431330334.664059 66 1500 20 T 32 1448
1431330334.664071 66 52 20 T 32 0
1431330334.664182 66 1500 20 T 32 1448
1431330334.664268 66 52 20 T 32 0
1431330334.664305 66 1500 20 T 32 1448
1431330334.664415 66 1340 20 T 32 1288
1431330334.664531 66 52 20 T 32 0
1431330334.664543 66 1500 20 T 32 1448
1431330334.664553 66 1500 20 T 32 1448
1431330334.664662 66 1500 20 T 32 1448
1431330334.664770 66 52 20 T 32 0
1431330334.664783 66 1500 20 T 32 1448
1431330334.664907 66 1500 20 T 32 1448
1431330334.665031 66 1500 20 T 32 1448
1431330334.665044 66 52 20 T 32 0
1431330334.665154 66 1500 20 T 32 1448
1431330334.665241 66 52 20 T 32 0
1431330334.665277 66 1500 20 T 32 1448
1431330334.665400 66 1500 20 T 32 1448
1431330334.665503 66 52 20 T 32 0
1431330334.665523 66 1500 20 T 32 1448
1431330334.665645 66 1500 20 T 32 1448
1431330334.665770 66 52 20 T 32 0
1431330334.665781 66 1500 20 T 32 1448
1431330334.665893 66 1500 20 T 32 1448
1431330334.666004 66 52 20 T 32 0
1431330334.666016 66 1500 20 T 32 1448
1431330334.666138 66 1500 20 T 32 1448
1431330334.666243 66 52 20 T 32 0
1431330334.666260 66 1500 20 T 32 1448
1431330334.666385 66 1500 20 T 32 1448
1431330334.666508 66 1500 20 T 32 1448
1431330334.666523 66 52 20 T 32 0
1431330334.666630 66 1500 20 T 32 1448
1431330334.666754 66 1500 20 T 32 1448
1431330334.666767 66 52 20 T 32 0
1431330334.666878 66 1500 20 T 32 1448
1431330334.666979 66 52 20 T 32 0
1431330334.667001 66 1500 20 T 32 1448
1431330334.667123 66 1500 20 T 32 1448
1431330334.667246 66 1500 20 T 32 1448
1431330334.667265 66 52 20 T 32 0
1431330334.667369 66 1500 20 T 32 1448
1431330334.667382 34 44 20 ? ? ?
1431330334.667511 66 1500 20 T 32 1448
1431330334.667524 66 52 20 T 32 0
1431330334.667633 66 1500 20 T 32 1448
1431330334.667756 66 1500 20 T 32 1448
1431330334.667813 66 52 20 T 32 0
1431330334.667880 66 1500 20 T 32 1448
1431330334.667965 66 52 20 T 32 0
1431330334.668003 66 1500 20 T 32 1448
1431330334.668125 66 1500 20 T 32 1448
1431330334.668249 66 1500 20 T 32 1448
1431330334.668273 66 52 20 T 32 0
1431330334.668373 66 1500 20 T 32 1448
1431330334.668482 66 1340 20 T 32 1288
1431330334.668509 66 52 20 T 32 0
1431330334.668605 66 1500 20 T 32 1448
1431330334.668721 66 52 20 T 32 0
1431330334.668733 66 1500 20 T 32 1448
1431330334.668852 66 1500 20 T 32 1448
1431330334.668974 66 1500 20 T 32 1448
1431330334.669014 66 52 20 T 32 0
1431330334.669097 66 1500 20 T 32 1448
1431330334.669223 66 1500 20 T 32 1448
1431330334.669244 66 52 20 T 32 0
1431330334.669344 66 1500 20 T 32 1448
1431330334.669467 66 1500 20 T 32 1448
1431330334.669481 66 52 20 T 32 0
1431330334.669590 66 1500 20 T 32 1448
1431330334.669713 66 1500 20 T 32 1448
1431330334.669731 66 52 20 T 32 0
1431330334.669837 66 1500 20 T 32 1448
1431330334.669960 66 1500 20 T 32 1448
1431330334.669982 66 52 20 T 32 0
1431330334.670082 66 1500 20 T 32 1448
1431330334.670181 66 52 20 T 32 0
1431330334.670209 66 1500 20 T 32 1448
1431330334.670329 66 1500 20 T 32 1448
1431330334.670436 66 52 20 T 32 0
1431330334.670451 66 1500 20 T 32 1448
1431330334.670488 42 144 20 U 8 116
1431330334.670574 66 1500 20 T 32 1448
1431330334.670671 66 52 20 T 32 0
1431330334.670697 66 1500 20 T 32 1448
1431330334.670821 66 1500 20 T 32 1448
1431330334.670917 66 52 20 T 32 0
1431330334.670944 66 1500 20 T 32 1448
1431330334.671067 66 1500 20 T 32 1448
1431330334.671167 66 52 20 T 32 0
1431330334.671189 66 1500 20 T 32 1448
1431330334.671203 66 52 20 T 32 0
1431330334.671330 66 1500 20 T 32 1448
1431330334.671435 66 52 20 T 32 0
1431330334.671453 66 1500 20 T 32 1448
1431330334.671576 66 1500 20 T 32 1448
1431330334.671655 66 52 20 T 32 0
1431330334.671701 66 1500 20 T 32 1448
1431330334.671822 66 1500 20 T 32 1448
1431330334.671882 66 52 20 T 32 0
1431330334.671947 66 1500 20 T 32 1448
1431330334.672069 66 1500 20 T 32 1448
1431330334.672186 66 52 20 T 32 0
1431330334.672198 66 1500 20 T 32 1448
1431330334.672317 66 1500 20 T 32 1448
1431330334.672438 66 1500 20 T 32 1448
1431330334.672508 66 52 20 T 32 0
1431330334.672561 66 1500 20 T 32 1448
1431330334.672674 66 52 20 T 32 0
1431330334.672685 66 1500 20 T 32 1448
1431330334.672811 66 1500 20 T 32 1448
1431330334.672824 66 1500 20 T 32 1448
1431330334.672931 66 1500 20 T 32 1448
1431330334.672978 66 52 20 T 32 0
1431330334.673054 66 1500 20 T 32 1448
1431330334.673077 34 172 20 ? ? ?
1431330334.673143 66 52 20 T 32 0
1431330334.673177 66 1500 20 T 32 1448
1431330334.673299 66 1500 20 T 32 1448
1431330334.673407 66 52 20 T 32 0
1431330334.673422 66 61 20 T 32 9
1431330334.673429 66 52 20 T 32 0
1431330334.673434 66 1500 20 T 32 1448
1431330334.673575 66 1500 20 T 32 1448
1431330334.673656 66 52 20 T 32 0
1431330334.673699 66 1500 20 T 32 1448
1431330334.673821 66 1500 20 T 32 1448
1431330334.673933 66 52 20 T 32 0
1431330334.673945 66 1500 20 T 32 1448
1431330334.674067 66 1500 20 T 32 1448
1431330334.674123 66 52 20 T 32 0
1431330334.674190 66 1500 20 T 32 1448
1431330334.674313 66 1500 20 T 32 1448
1431330334.674436 66 1500 20 T 32 1448
1431330334.674480 66 52 20 T 32 0
1431330334.674560 66 1500 20 T 32 1448
1431330334.674682 66 1500 20 T 32 1448
1431330334.674733 66 52 20 T 32 0
1431330334.674806 66 1500 20 T 32 1448
1431330334.674929 66 1500 20 T 32 1448
1431330334.674970 66 52 20 T 32 0
1431330334.675053 66 1500 20 T 32 1448
1431330334.675143 66 52 20 T 32 0
1431330334.675175 66 1500 20 T 32 1448
1431330334.675298 66 1500 20 T 32 1448
1431330334.675422 66 1500 20 T 32 1448
1431330334.675465 66 52 20 T 32 0
1431330334.675544 66 1500 20 T 32 1448
1431330334.675667 66 1500 20 T 32 1448
1431330334.675681 66 52 20 T 32 0
1431330334.675790 66 1500 20 T 32 1448
1431330334.675915 66 1500 20 T 32 1448
1431330334.675927 66 52 20 T 32 0
1431330334.676037 66 1500 20 T 32 1448
1431330334.676160 66 1500 20 T 32 1448
1431330334.676174 66 52 20 T 32 0
1431330334.676283 66 1500 20 T 32 1448
1431330334.676395 66 52 20 T 32 0
1431330334.676407 66 1500 20 T 32 1448
1431330334.676529 66 1500 20 T 32 1448
1431330334.676642 66 52 20 T 32 0
1431330334.676653 66 1500 20 T 32 1448
1431330334.676774 66 1500 20 T 32 1448
1431330334.676898 66 1500 20 T 32 1448
1431330334.676943 66 52 20 T 32 0
1431330334.677022 66 1500 20 T 32 1448
1431330334.677144 66 1500 20 T 32 1448
1431330334.677165 66 52 20 T 32 0
1431330334.677267 66 1500 20 T 32 1448
1431330334.677391 66 1500 20 T 32 1448
1431330334.677405 34 44 20 ? ? ?
1431330334.677412 66 52 20 T 32 0
1431330334.677531 66 1500 20 T 32 1448
1431330334.677639 66 52 20 T 32 0
1431330334.677652 66 1500 20 T 32 1448
1431330334.677776 66 1500 20 T 32 1448
1431330334.677866 66 52 20 T 32 0
1431330334.677899 66 1500 20 T 32 1448
1431330334.678023 66 1500 20 T 32 1448
1431330334.678103 66 52 20 T 32 0
1431330334.678146 66 1500 20 T 32 1448
1431330334.678269 66 1500 20 T 32 1448
1431330334.678337 66 52 20 T 32 0
1431330334.678392 66 1500 20 T 32 1448
1431330334.678514 66 1500 20 T 32 1448
1431330334.678607 66 52 20 T 32 0
1431330334.678638 66 1500 20 T 32 1448
1431330334.678761 66 1500 20 T 32 1448
1431330334.678862 66 52 20 T 32 0
1431330334.678884 66 1500 20 T 32 1448
1431330334.679006 66 1500 20 T 32 1448
1431330334.679130 66 1500 20 T 32 1448
1431330334.679142 66 52 20 T 32 0
1431330334.679254 66 1500 20 T 32 1448
1431330334.679367 66 52 20 T 32 0
1431330334.679377 66 1500 20 T 32 1448
1431330334.679500 66 1500 20 T 32 1448
1431330334.679620 66 52 20 T 32 0
1431330334.679629 66 1500 20 T 32 1448
1431330334.679745 66 1500 20 T 32 1448
1431330334.679834 66 52 20 T 32 0
1431330334.679868 66 1500 20 T 32 1448
1431330334.679992 66 1500 20 T 32 1448
1431330334.680076 66 52 20 T 32 0
1431330334.680115 66 1500 20 T 32 1448
1431330334.680238 66 1500 20 T 32 1448
1431330334.680361 66 1500 20 T 32 1448
1431330334.680373 66 88 20 T 32 36
1431330334.680380 66 52 20 T 32 0
1431330334.680503 66 1500 20 T 32 1448
1431330334.680583 66 52 20 T 32 0
1431330334.680625 66 1500 20 T 32 1448
1431330334.680748 66 1500 20 T 32 1448
1431330334.680844 66 52 20 T 32 0
1431330334.680872 66 1500 20 T 32 1448
1431330334.680995 66 1500 20 T 32 1448
1431330334.681118 66 1500 20 T 32 1448
1431330334.681132 66 104 20 T 32 52
1431330334.681139 66 52 20 T 32 0
1431330334.681258 66 1500 20 T 32 1448
1431330334.681383 66 1500 20 T 32 1448
1431330334.681396 66 52 20 T 32 0
1431330334.681505 66 1500 20 T 32 1448
1431330334.681566 66 52 20 T 32 0
1431330334.681628 66 1500 20 T 32 1448
1431330334.681750 66 1500 20 T 32 1448
1431330334.681824 66 52 20 T 32 0
1431330334.681875 66 1500 20 T 32 1448
1431330334.681997 66 1500 20 T 32 1448
1431330334.682060 66 1500 20 T 32 1448
1431330334.682073 66 52 20 T 32 0
1431330334.682080 42 143 20 U 8 115
1431330334.682121 66 1500 20 T 32 1448
1431330334.682244 66 1500 20 T 32 1448
1431330334.682367 66 1500 20 T 32 1448
1431330334.682386 66 52 20 T 32 0
1431330334.682477 66 1340 20 T 32 1288
1431330334.682587 66 1340 20 T 32 1288
1431330334.682700 66 52 20 T 32 0
1431330334.682712 66 1500 20 T 32 1448
1431330334.682814 66 52 20 T 32 0
1431330334.682832 66 1500 20 T 32 1448
1431330334.682957 66 1500 20 T 32 1448
1431330334.683079 66 1500 20 T 32 1448
1431330334.683110 66 52 20 T 32 0
1431330334.683204 66 1500 20 T 32 1448
1431330334.683325 66 1500 20 T 32 1448
1431330334.683339 66 52 20 T 32 0
1431330334.683448 66 1500 20 T 32 1448
1431330334.683571 66 1500 20 T 32 1448
1431330334.683591 66 52 20 T 32 0
1431330334.683681 66 1340 20 T 32 1288
1431330334.683791 66 1340 20 T 32 1288
1431330334.683834 66 52 20 T 32 0
1431330334.683916 66 1500 20 T 32 1448
1431330334.684038 66 1500 20 T 32 1448
1431330334.684076 66 52 20 T 32 0
1431330334.684161 66 1500 20 T 32 1448
1431330334.684286 66 1500 20 T 32 1448
1431330334.684310 66 52 20 T 32 0
1431330334.684408 66 1500 20 T 32 1448
1431330334.684530 66 1500 20 T 32 1448
1431330334.684610 66 52 20 T 32 0
1431330334.684654 66 1500 20 T 32 1448
1431330334.684667 66 136 20 T 32 84
1431330334.684794 66 1500 20 T 32 1448
1431330334.684863 66 52 20 T 32 0
1431330334.684918 66 1500 20 T 32 1448
1431330334.685043 66 1500 20 T 32 1448
1431330334.685055 66 52 20 T 32 0
1431330334.685164 66 1500 20 T 32 1448
1431330334.685288 66 1500 20 T 32 1448
1431330334.685319 66 52 20 T 32 0
1431330334.685410 66 1500 20 T 32 1448
1431330334.685533 66 1500 20 T 32 1448
1431330334.685592 66 52 20 T 32 0
1431330334.685656 66 1500 20 T 32 1448
1431330334.685779 66 1500 20 T 32 1448
1431330334.685816 66 52 20 T 32 0
1431330334.685903 66 1500 20 T 32 1448
1431330334.686026 66 1500 20 T 32 1448
1431330334.686104 66 52 20 T 32 0
1431330334.686149 66 1500 20 T 32 1448
1431330334.686271 66 1500 20 T 32 1448
1431330334.686284 66 52 20 T 32 0
1431330334.686396 66 1500 20 T 32 1448
1431330334.686518 66 1500 20 T 32 1448
1431330334.686546 66 52 20 T 32 0
1431330334.686641 66 1500 20 T 32 1448
1431330334.686764 66 1500 20 T 32 1448
1431330334.686783 66 52 20 T 32 0
1431330334.686888 66 1500 20 T 32 1448
1431330334.687010 66 1500 20 T 32 1448
1431330334.687028 66 52 20 T 32 0
1431330334.687132 66 1500 20 T 32 1448
1431330334.687257 66 1500 20 T 32 1448
1431330334.687282 66 52 20 T 32 0
1431330334.687380 66 1500 20 T 32 1448
1431330334.687502 66 1500 20 T 32 1448
1431330334.687530 66 52 20 T 32 0
1431330334.687625 66 1500 20 T 32 1448
1431330334.687750 66 52 20 T 32 0
1431330334.687762 66 1500 20 T 32 1448
1431330334.687772 66 73 20 T 32 21
1431330334.687889 66 1500 20 T 32 1448
1431330334.688013 66 1500 20 T 32 1448
1431330334.688067 66 52 20 T 32 0
1431330334.688136 66 1500 20 T 32 1448
1431330334.688258 66 1500 20 T 32 1448
1431330334.688381 66 1500 20 T 32 1448
1431330334.688398 66 52 20 T 32 0
1431330334.688505 66 1500 20 T 32 1448
1431330334.688526 66 52 20 T 32 0
1431330334.688627 66 1500 20 T 32 1448
1431330334.688751 66 1500 20 T 32 1448
1431330334.688764 34 44 20 ? ? ?
1431330334.688796 66 52 20 T 32 0
1431330334.688892 66 1500 20 T 32 1448
1431330334.689016 66 1500 20 T 32 1448
1431330334.689038 66 52 20 T 32 0
1431330334.689139 66 1500 20 T 32 1448
1431330334.689262 66 1500 20 T 32 1448
1431330334.689285 66 52 20 T 32 0
1431330334.689384 66 1500 20 T 32 1448
1431330334.689494 66 52 20 T 32 0
1431330334.689507 66 1500 20 T 32 1448
1431330334.689631 66 1500 20 T 32 1448
1431330334.689754 66 1500 20 T 32 1448
1431330334.689840 66 52 20 T 32 0
1431330334.689878 66 1500 20 T 32 1448
1431330334.690000 66 1500 20 T 32 1448
1431330334.690046 66 52 20 T 32 0
1431330334.690057 66 1500 20 T 32 1448
1431330334.690066 66 52 20 T 32 0
1431330334.690124 66 1500 20 T 32 1448
1431330334.690248 66 1500 20 T 32 1448
1431330334.690356 66 52 20 T 32 0
1431330334.690369 66 1500 20 T 32 1448
1431330334.690493 66 1500 20 T 32 1448
1431330334.690617 66 52 20 T 32 0
1431330334.690627 66 1500 20 T 32 1448
1431330334.690739 66 1500 20 T 32 1448
1431330334.690841 66 52 20 T 32 0
1431330334.690862 66 1500 20 T 32 1448
1431330334.690986 66 1500 20 T 32 1448
1431330334.691108 66 1500 20 T 32 1448
1431330334.691133 66 52 20 T 32 0
1431330334.691232 66 1500 20 T 32 1448
1431330334.691317 66 52 20 T 32 0
1431330334.691356 66 1500 20 T 32 1448
1431330334.691478 66 1500 20 T 32 1448
1431330334.691601 66 1500 20 T 32 1448
1431330334.691638 66 52 20 T 32 0
1431330334.691723 66 1500 20 T 32 1448
1431330334.691847 66 1500 20 T 32 1448
1431330334.691861 66 52 20 T 32 0
1431330334.691970 66 1500 20 T 32 1448
1431330334.692007 66 52 20 T 32 0
1431330334.692091 66 52 20 T 32 0
1431330334.692102 66 1500 20 T 32 1448
1431330334.692218 66 1500 20 T 32 1448
1431330334.692322 66 52 20 T 32 0
1431330334.692338 66 1500 20 T 32 1448
1431330334.692462 66 1500 20 T 32 1448
1431330334.692587 66 52 20 T 32 0
1431330334.692597 66 1500 20 T 32 1448
1431330334.692708 66 1500 20 T 32 1448
1431330334.692822 66 52 20 T 32 0
1431330334.692834 66 1500 20 T 32 1448
1431330334.692955 66 1500 20 T 32 1448
1431330334.693077 66 1500 20 T 32 1448
1431330334.693090 66 52 20 T 32 0
1431330334.693202 66 1500 20 T 32 1448
1431330334.693324 66 1500 20 T 32 1448
1431330334.693338 66 52 20 T 32 0
1431330334.693449 66 1500 20 T 32 1448
1431330334.693570 66 1500 20 T 32 1448
1431330334.693631 66 52 20 T 32 0
1431330334.693693 66 1500 20 T 32 1448
1431330334.693815 66 1500 20 T 32 1448
1431330334.693852 66 52 20 T 32 0
1431330334.693940 66 1500 20 T 32 1448
1431330334.694063 66 52 20 T 32 0
1431330334.694074 66 1500 20 T 32 1448
1431330334.694185 66 1500 20 T 32 1448
1431330334.694309 66 1500 20 T 32 1448
1431330334.694431 66 1500 20 T 32 1448
1431330334.694445 66 52 20 T 32 0
1431330334.694555 66 1500 20 T 32 1448
1431330334.694677 66 1500 20 T 32 1448
1431330334.694690 42 71 20 U 8 43
1431330334.694698 66 52 20 T 32 0
1431330334.694817 66 1500 20 T 32 1448
1431330334.694940 66 1500 20 T 32 1448
1431330334.694953 66 52 20 T 32 0
1431330334.695064 66 1500 20 T 32 1448
1431330334.695169 66 52 20 T 32 0
1431330334.695185 66 1500 20 T 32 1448
1431330334.695309 66 1500 20 T 32 1448
1431330334.695417 66 52 20 T 32 0
1431330334.695431 66 1500 20 T 32 1448
1431330334.695557 66 1500 20 T 32 1448
1431330334.695676 66 52 20 T 32 0
1431330334.695687 66 1500 20 T 32 1448
1431330334.695802 66 1500 20 T 32 1448
1431330334.695918 66 52 20 T 32 0
1431330334.695930 66 1500 20 T 32 1448
1431330334.696036 66 1500 20 T 32 1448
1431330334.696050 66 1500 20 T 32 1448
1431330334.696172 66 1500 20 T 32 1448
1431330334.696185 66 52 20 T 32 0
1431330334.696295 66 1500 20 T 32 1448
1431330334.696407 66 52 20 T 32 0
1431330334.696419 66 1500 20 T 32 1448
1431330334.696542 66 1500 20 T 32 1448
1431330334.696632 66 52 20 T 32 0
1431330334.696664 66 1500 20 T 32 1448
1431330334.696786 66 1500 20 T 32 1448
1431330334.696911 66 1500 20 T 32 1448
1431330334.696940 66 52 20 T 32 0
1431330334.697033 66 1500 20 T 32 1448
1431330334.697156 66 1500 20 T 32 1448
1431330334.697169 66 52 20 T 32 0
1431330334.697279 66 1500 20 T 32 1448
1431330334.697379 66 52 20 T 32 0
1431330334.697401 66 1500 20 T 32 1448
1431330334.697525 66 1500 20 T 32 1448
1431330334.697538 66 52 20 T 32 0
1431330334.697662 66 52 20 T 32 0
1431330334.697673 66 1500 20 T 32 1448
1431330334.697794 66 1500 20 T 32 1448
1431330334.697893 66 52 20 T 32 0
1431330334.697918 66 1500 20 T 32 1448
1431330334.698043 66 1500 20 T 32 1448
1431330334.698118 66 52 20 T 32 0
1431330334.698163 66 1500 20 T 32 1448
1431330334.698286 66 1500 20 T 32 1448
1431330334.698409 66 1500 20 T 32 1448
1431330334.698423 34 44 20 ? ? ?
1431330334.698430 66 52 20 T 32 0
1431330334.698549 66 1500 20 T 32 1448
1431330334.698650 66 52 20 T 32 0
1431330334.698674 66 1500 20 T 32 1448
1431330334.698796 66 1500 20 T 32 1448
1431330334.698842 66 52 20 T 32 0
1431330334.698919 66 1500 20 T 32 1448
1431330334.699042 66 1500 20 T 32 1448
1431330334.699121 66 52 20 T 32 0
1431330334.699166 66 1500 20 T 32 1448
1431330334.699290 66 1500 20 T 32 1448
1431330334.699390 66 52 20 T 32 0
1431330334.699411 66 1500 20 T 32 1448
1431330334.699534 66 1500 20 T 32 1448
1431330334.699659 66 1500 20 T 32 1448
1431330334.699728 66 52 20 T 32 0
1431330334.699782 66 1500 20 T 32 1448
1431330334.699890 66 52 20 T 32 0
1431330334.699904 66 1500 20 T 32 1448
1431330334.700027 66 1500 20 T 32 1448
1431330334.700142 66 52 20 T 32 0
1431330334.700153 66 1500 20 T 32 1448
1431330334.700273 66 1500 20 T 32 1448
1431330334.700396 66 1500 20 T 32 1448
1431330334.700409 66 52 20 T 32 0
1431330334.700519 66 1500 20 T 32 1448
1431330334.700640 66 52 20 T 32 0
1431330334.700652 66 1500 20 T 32 1448
1431330334.700774 66 1500 20 T 32 1448
1431330334.700882 66 52 20 T 32 0
1431330334.700896 66 1500 20 T 32 1448
1431330334.701019 66 1500 20 T 32 1448
1431330334.701143 66 1500 20 T 32 1448
1431330334.701175 66 52 20 T 32 0
1431330334.701266 66 1500 20 T 32 1448
1431330334.701364 66 52 20 T 32 0
1431330334.701389 66 1500 20 T 32 1448
1431330334.701512 66 1500 20 T 32 1448
1431330334.701632 66 52 20 T 32 0
1431330334.701643 66 1500 20 T 32 1448
1431330334.701750 42 156 20 U 8 128
1431330334.701763 66 1500 20 T 32 1448
1431330334.701859 66 52 20 T 32 0
1431330334.701880 66 1500 20 T 32 1448
1431330334.702003 66 1500 20 T 32 1448
1431330334.702127 66 1500 20 T 32 1448
1431330334.702145 66 52 20 T 32 0
1431330334.702153 66 1500 20 T 32 1448
1431330334.702250 66 1500 20 T 32 1448
1431330334.702354 66 52 20 T 32 0
1431330334.702372 66 1500 20 T 32 1448
1431330334.702496 66 1500 20 T 32 1448
1431330334.702599 66 52 20 T 32 0
1431330334.702619 66 1500 20 T 32 1448
1431330334.702742 66 1500 20 T 32 1448
1431330334.702836 66 52 20 T 32 0
1431330334.702865 66 1500 20 T 32 1448
1431330334.702945 74 60 20 T 40 0
1431330334.702988 66 1500 20 T 32 1448
1431330334.703087 66 52 20 T 32 0
1431330334.703111 66 1500 20 T 32 1448
1431330334.703235 66 1500 20 T 32 1448
1431330334.703358 66 1500 20 T 32 1448
1431330334.703371 66 52 20 T 32 0
1431330334.703480 66 1500 20 T 32 1448
1431330334.703604 66 1500 20 T 32 1448
1431330334.703618 66 52 20 T 32 0
1431330334.703625 66 73 20 T 32 21
1431330334.703739 66 1500 20 T 32 1448
1431330334.703862 66 1500 20 T 32 1448
1431330334.703897 66 52 20 T 32 0
1431330334.703983 66 1500 20 T 32 1448
1431330334.704107 66 1500 20 T 32 1448
1431330334.704123 66 52 20 T 32 0
1431330334.704236 66 1500 20 T 32 1448
1431330334.704353 66 1500 20 T 32 1448
1431330334.704366 66 52 20 T 32 0
1431330334.704476 66 1500 20 T 32 1448
1431330334.704567 66 52 20 T 32 0
1431330334.704600 66 1500 20 T 32 1448
1431330334.704723 66 1500 20 T 32 1448
1431330334.704846 66 1500 20 T 32 1448
1431330334.704876 66 52 20 T 32 0
1431330334.704969 66 1500 20 T 32 1448
1431330334.705068 66 52 20 T 32 0
1431330334.705092 66 1500 20 T 32 1448
1431330334.705215 66 1500 20 T 32 1448
1431330334.705294 66 52 20 T 32 0
1431330334.705339 66 1500 20 T 32 1448
1431330334.705461 66 1500 20 T 32 1448
1431330334.705585 66 1500 20 T 32 1448
1431330334.705599 66 52 20 T 32 0
1431330334.705707 66 1500 20 T 32 1448
1431330334.705831 66 1500 20 T 32 1448
1431330334.705852 66 52 20 T 32 0
1431330334.705953 66 1500 20 T 32 1448
1431330334.706051 66 52 20 T 32 0
1431330334.706077 66 1500 20 T 32 1448
1431330334.706202 66 1500 20 T 32 1448
1431330334.706218 66 2948 20 T 32 2896
1431330334.706229 66 143 20 T 32 91
1431330334.706308 66 52 20 T 32 0
1431330334.706323 66 1500 20 T 32 1448
1431330334.706446 66 1500 20 T 32 1448
1431330334.706559 66 52 20 T 32 0
1431330334.706571 66 1500 20 T 32 1448
1431330334.706582 66 104 20 T 32 52
1431330334.706716 66 1500 20 T 32 1448
1431330334.706797 66 52 20 T 32 0
1431330334.706839 66 1500 20 T 32 1448
1431330334.706961 66 1500 20 T 32 1448
1431330334.707086 66 1500 20 T 32 1448
1431330334.707099 66 52 20 T 32 0
1431330334.707214 66 1500 20 T 32 1448
1431330334.707331 66 1500 20 T 32 1448
1431330334.707344 66 52 20 T 32 0
1431330334.707453 66 1500 20 T 32 1448
1431330334.707576 66 1500 20 T 32 1448
1431330334.707591 66 52 20 T 32 0
1431330334.707598 34 44 20 ? ? ?
1431330334.707716 66 1500 20 T 32 1448
1431330334.707755 66 104 20 T 32 52
1431330334.707797 66 52 20 T 32 0
1431330334.707840 66 1500 20 T 32 1448
1431330334.707961 66 1500 20 T 32 1448
1431330334.708046 66 52 20 T 32 0
1431330334.708087 66 1500 20 T 32 1448
1431330334.708209 66 1500 20 T 32 1448
1431330334.708303 66 1500 20 T 32 1448
1431330334.708332 66 1500 20 T 32 1448
1431330334.708455 66 1500 20 T 32 1448
1431330334.708517 66 52 20 T 32 0
1431330334.708578 66 1500 20 T 32 1448
1431330334.708701 66 1500 20 T 32 1448
1431330334.708827 66 1500 20 T 32 1448
1431330334.708843 66 52 20 T 32 0
1431330334.708947 66 1500 20 T 32 1448
1431330334.709058 66 52 20 T 32 0
1431330334.709070 66 1500 20 T 32 1448
1431330334.709193 66 1500 20 T 32 1448
1431330334.709298 66 52 20 T 32 0
1431330334.709315 66 1500 20 T 32 1448
1431330334.709439 66 1500 20 T 32 1448
1431330334.709563 66 1500 20 T 32 1448
1431330334.709685 66 1500 20 T 32 1448
1431330334.709762 66 52 20 T 32 0
1431330334.709809 66 1500 20 T 32 1448
1431330334.709931 66 1500 20 T 32 1448
1431330334.710009 66 52 20 T 32 0
1431330334.710055 66 1500 20 T 32 1448
1431330334.710176 66 1500 20 T 32 1448
1431330334.710238 66 52 20 T 32 0
1431330334.710302 66 1500 20 T 32 1448
1431330334.710424 66 1500 20 T 32 1448
1431330334.710516 66 52 20 T 32 0
1431330334.710547 66 1500 20 T 32 1448
1431330334.710669 66 1500 20 T 32 1448
1431330334.710776 66 52 20 T 32 0
1431330334.710792 66 1500 20 T 32 1448
1431330334.710916 66 1500 20 T 32 1448
1431330334.711041 66 1500 20 T 32 1448
1431330334.711053 66 52 20 T 32 0
1431330334.711162 66 1500 20 T 32 1448
1431330334.711286 66 1500 20 T 32 1448
1431330334.711337 66 52 20 T 32 0
1431330334.711409 66 1500 20 T 32 1448
1431330334.711423 66 52 20 T 32 0
1431330334.711514 66 52 20 T 32 0
1431330334.711551 66 1500 20 T 32 1448
1431330334.711564 42 70 20 U 8 42
1431330334.711692 66 1500 20 T 32 1448
1431330334.711783 66 52 20 T 32 0
1431330334.711816 66 1500 20 T 32 1448
1431330334.711937 66 1500 20 T 32 1448
1431330334.712005 66 52 20 T 32 0
1431330334.712061 66 1500 20 T 32 1448
1431330334.712184 66 1500 20 T 32 1448
1431330334.712255 66 52 20 T 32 0
1431330334.712308 66 1500 20 T 32 1448
1431330334.712430 66 1500 20 T 32 1448
1431330334.712444 66 52 20 T 32 0
1431330334.712553 66 1500 20 T 32 1448
1431330334.712678 66 1500 20 T 32 1448
1431330334.712717 66 52 20 T 32 0
1431330334.712799 66 1500 20 T 32 1448
1431330334.712923 66 1500 20 T 32 1448
1431330334.712946 66 52 20 T 32 0
1431330334.713046 66 1500 20 T 32 1448
1431330334.713168 66 1500 20 T 32 1448
1431330334.713243 66 52 20 T 32 0
1431330334.713292 66 1500 20 T 32 1448
1431330334.713415 66 1500 20 T 32 1448
1431330334.713432 66 52 20 T 32 0
1431330334.713539 66 1500 20 T 32 1448
1431330334.713660 66 1500 20 T 32 1448
1431330334.713720 66 52 20 T 32 0
1431330334.713783 66 1500 20 T 32 1448
1431330334.713907 66 1500 20 T 32 1448
1431330334.713940 66 52 20 T 32 0
1431330334.714018 34 96 20 ? ? ?
1431330334.714030 66 1500 20 T 32 1448
1431330334.714154 66 1500 20 T 32 1448
