1431329876.000005 54 40 20 T 20 0
1431329881.614963 42 395 20 U 8 367
1431329881.614985 14 - - - - -
1431329881.615110 66 1500 20 T 32 1448
1431329881.615373 66 1500 20 T 32 1448
1431329881.615567 66 1078 20 T 32 1026
1431329881.615576 34 40 20 T - -
1431329881.615929 78 64 20 T 44 0
1431329881.616360 54 616 20 T 20 576
1431329881.616483 54 616 20 T 20 576
1431329881.618070 42 71 20 U 8 43
1431329881.618176 66 52 20 T 32 0
1431329881.618473 74 60 28 T 32 0
1431329881.618541 66 52 20 T 32 0
1431329881.618715 50 79 28 U 8 43
1431329881.620327 34 44 20 ? ? ?
1431329881.622596 34 56 20 ? ? ?
1431329881.623014 66 1500 20 T 32 1448
1431329881.623127 38 72 20 ? ? ?
1431329881.623137 66 1500 20 T 32 1448
1431329881.623261 66 1500 20 T 32 1448
1431329881.623384 66 1500 20 T 32 1448
1431329881.623793 66 52 20 T 32 0
1431329881.625902 66 52 20 T 32 0
1431329881.630654 58 44 24 T 20 0
1431329881.630829 42 195 20 U 8 167
1431329881.638601 54 616 20 T 20 576
1431329881.639203 42 71 20 U 8 43
1431329881.641814 54 40 20 T 20 0
1431329881.642131 54 56 20 T 20 16
1431329881.659664 54 40 20 T 20 0
1431329881.660124 58 44 20 T 24 0
